<?xml version="1.0" encoding="UTF-8"?>
<!-- Generated by org.testng.reporters.JUnitReportReporter -->
<testsuite hostname="DESKTOP-650V9P6" failures="0" tests="1" name="testCases.Holidaycalender_creation" time="3.504" errors="0" timestamp="2025-10-27T15:11:54 IST" skipped="0">
  <testcase classname="testCases.Holidaycalender_creation" name="holi" time="3.504"/>
</testsuite> <!-- testCases.Holidaycalender_creation -->
