<?xml version="1.0" encoding="UTF-8"?>
<!-- Generated by org.testng.reporters.JUnitReportReporter -->
<testsuite hostname="DESKTOP-650V9P6" failures="0" tests="1" name="testCases.TC_01" time="0.441" errors="0" timestamp="2025-10-08T11:29:32 IST" skipped="0">
  <testcase classname="testCases.TC_01" name="verify_login" time="0.441"/>
</testsuite> <!-- testCases.TC_01 -->
